0 info it worked if it ends with ok
1 verbose cli [ 'c:\\Program Files\\nodejs\\node.exe',
1 verbose cli   'c:\\Program Files\\nodejs\\node_modules\\npm\\bin\\npm-cli.js',
1 verbose cli   'install' ]
2 info using npm@1.2.10
3 info using node@v0.8.19
4 verbose read json d:\MIT_projects\6.170\project0\package.json
5 error install Couldn't read dependencies
6 error Error: no version
6 error     at validVersion (c:\Program Files\nodejs\node_modules\npm\node_modules\read-package-json\read-json.js:580:32)
6 error     at final (c:\Program Files\nodejs\node_modules\npm\node_modules\read-package-json\read-json.js:342:23)
6 error     at c:\Program Files\nodejs\node_modules\npm\node_modules\read-package-json\read-json.js:140:33
6 error     at cb (c:\Program Files\nodejs\node_modules\npm\node_modules\slide\lib\async-map.js:48:11)
6 error     at c:\Program Files\nodejs\node_modules\npm\node_modules\read-package-json\read-json.js:335:40
6 error     at fs.readFile (fs.js:176:14)
6 error     at Object.oncomplete (fs.js:297:15)
7 error If you need help, you may report this log at:
7 error     <http://github.com/isaacs/npm/issues>
7 error or email it to:
7 error     <npm-@googlegroups.com>
8 error System Windows_NT 6.1.7601
9 error command "c:\\Program Files\\nodejs\\node.exe" "c:\\Program Files\\nodejs\\node_modules\\npm\\bin\\npm-cli.js" "install"
10 error cwd d:\MIT_projects\6.170\project0
11 error node -v v0.8.19
12 error npm -v 1.2.10
13 verbose exit [ 1, true ]
